<?xml version="1.0" encoding="UTF-8"?>
<!-- Generated by org.testng.reporters.JUnitXMLReporter -->
<testsuite hostname="PC269" name="Default test" tests="4" failures="0" timestamp="24 Nov 2016 10:35:37 GMT" time="34.693" errors="0">
  <testcase name="addANewCompTest" time="2.522" classname="com.databaseComputer.DatabaseComp.suites.ComputerTest"/>
  <testcase name="deleteComputer" time="1.616" classname="com.databaseComputer.DatabaseComp.suites.ComputerTest"/>
  <testcase name="readAndDeleteComputer" time="4.645" classname="com.databaseComputer.DatabaseComp.suites.ComputerTest"/>
  <testcase name="createAndUpdateComputer" time="10.03" classname="com.databaseComputer.DatabaseComp.suites.ComputerTest"/>
</testsuite> <!-- Default test -->
